Build started 2016-01-27 18:05:50.
     1>Project "c:\Users\Axel\documents\visual studio 2015\Projects\ChannelsForGameObjects\ChannelsForGameObjects\ChannelsForGameObjects.vcxproj" on node 2 (Build target(s)).
     1>ClCompile:
         C:\Program Files (x86)\Microsoft Visual Studio 14.0\VC\bin\CL.exe /c /ZI /nologo /W3 /WX- /sdl /Od /Oy- /D WIN32 /D _DEBUG /D _CONSOLE /D _UNICODE /D UNICODE /Gm /EHsc /RTC1 /MDd /GS /fp:precise /Zc:wchar_t /Zc:forScope /Zc:inline /Fo"Debug\\" /Fd"Debug\vc140.pdb" /Gd /TP /analyze- /errorReport:prompt Channel.cpp Channels.cpp Main.cpp
         Channels.cpp
     1>c:\users\axel\documents\visual studio 2015\projects\channelsforgameobjects\channelsforgameobjects\channels.cpp(7): warning C4018: '<': signed/unsigned mismatch
     1>c:\users\axel\documents\visual studio 2015\projects\channelsforgameobjects\channelsforgameobjects\channels.cpp(18): warning C4018: '<': signed/unsigned mismatch
     1>c:\users\axel\documents\visual studio 2015\projects\channelsforgameobjects\channelsforgameobjects\channels.cpp(31): warning C4018: '<': signed/unsigned mismatch
         Channel.cpp
     1>c:\users\axel\documents\visual studio 2015\projects\channelsforgameobjects\channelsforgameobjects\channel.cpp(51): warning C4305: '-=': truncation from 'double' to 'float'
         Generating Code...
     1>c:\users\axel\documents\visual studio 2015\projects\channelsforgameobjects\channelsforgameobjects\channels.cpp(28): warning C4715: 'Channels::isChannelActive': not all control paths return a value
         Skipping... (no relevant changes detected)
         Main.cpp
       Link:
         C:\Program Files (x86)\Microsoft Visual Studio 14.0\VC\bin\link.exe /ERRORREPORT:PROMPT /OUT:"c:\users\axel\documents\visual studio 2015\Projects\ChannelsForGameObjects\Debug\ChannelsForGameObjects.exe" /INCREMENTAL /NOLOGO kernel32.lib user32.lib gdi32.lib winspool.lib comdlg32.lib advapi32.lib shell32.lib ole32.lib oleaut32.lib uuid.lib odbc32.lib odbccp32.lib /MANIFEST /MANIFESTUAC:"level='asInvoker' uiAccess='false'" /manifest:embed /Debug /PDB:"c:\users\axel\documents\visual studio 2015\Projects\ChannelsForGameObjects\Debug\ChannelsForGameObjects.pdb" /SUBSYSTEM:CONSOLE /TLBID:1 /DYNAMICBASE /NXCOMPAT /IMPLIB:"c:\users\axel\documents\visual studio 2015\Projects\ChannelsForGameObjects\Debug\ChannelsForGameObjects.lib" /MACHINE:X86 Debug\Channel.obj
         Debug\Channels.obj
         Debug\Main.obj
         ChannelsForGameObjects.vcxproj -> c:\users\axel\documents\visual studio 2015\Projects\ChannelsForGameObjects\Debug\ChannelsForGameObjects.exe
     1>Done Building Project "c:\Users\Axel\documents\visual studio 2015\Projects\ChannelsForGameObjects\ChannelsForGameObjects\ChannelsForGameObjects.vcxproj" (Build target(s)).

Build succeeded.

Time Elapsed 00:00:00.97
